%!Adobe-FontList 1.14
%Locale:0x416

%BeginFont
Handler:DirectoryHandler
FontType:Invalid
OutlineFileName:C:\Users\Jeff Ramos\Documents\Ultimate\WindowsPhoneGame2\WindowsPhoneGame2Content\Sprites\Font\Luckiest.spritefont
FileModTime:1365715118
%EndFont

%BeginFont
Handler:DirectoryHandler
FontType:Invalid
OutlineFileName:C:\Users\Jeff Ramos\Documents\Ultimate\WindowsPhoneGame2\WindowsPhoneGame2Content\Sprites\Font\luckiest\Metrics.xml
FileModTime:1364822884
%EndFont

%BeginFont
Handler:DirectoryHandler
FontType:Invalid
OutlineFileName:C:\Users\Jeff Ramos\Documents\Ultimate\WindowsPhoneGame2\WindowsPhoneGame2Content\Sprites\Font\luckiest\teste.spritefont
FileModTime:1364822790
%EndFont

%BeginFont
Handler:DirectoryHandler
FontType:Invalid
OutlineFileName:C:\Users\Jeff Ramos\Documents\Ultimate\WindowsPhoneGame2\WindowsPhoneGame2Content\Sprites\Font\luckiest\Texture.png
FileModTime:1364822764
%EndFont

